#
# There is insufficient memory for the Java Runtime Environment to continue.
# Native memory allocation (mmap) failed to map 285212672 bytes for committing reserved memory.
# Possible reasons:
#   The system is out of physical RAM or swap space
#   The process is running with CompressedOops enabled, and the Java Heap may be blocking the growth of the native heap
# Possible solutions:
#   Reduce memory load on the system
#   Increase physical memory or swap space
#   Check if swap backing store is full
#   Decrease Java heap size (-Xmx/-Xms)
#   Decrease number of Java threads
#   Decrease Java thread stack sizes (-Xss)
#   Set larger code cache with -XX:ReservedCodeCacheSize=
#   JVM is running with Unscaled Compressed Oops mode in which the Java heap is
#     placed in the first 4GB address space. The Java Heap base address is the
#     maximum limit for the native heap growth. Please use -XX:HeapBaseMinAddress
#     to set the Java Heap base and to place the Java Heap above 4GB virtual address.
# This output file may be truncated or incomplete.
#
#  Out of Memory Error (os_linux.cpp:2756), pid=20217, tid=0x00007fea14afa700
#
# JRE version: OpenJDK Runtime Environment (8.0_212-b03) (build 1.8.0_212-8u212-b03-0ubuntu1.18.04.1-b03)
# Java VM: OpenJDK 64-Bit Server VM (25.212-b03 mixed mode linux-amd64 compressed oops)
# Failed to write core dump. Core dumps have been disabled. To enable core dumping, try "ulimit -c unlimited" before starting Java again
#

---------------  T H R E A D  ---------------

Current thread (0x00007fea24079000):  VMThread [stack: 0x00007fea149fb000,0x00007fea14afb000] [id=20223]

Stack: [0x00007fea149fb000,0x00007fea14afb000],  sp=0x00007fea14af9460,  free space=1017k
Native frames: (J=compiled Java code, j=interpreted, Vv=VM code, C=native code)
V  [libjvm.so+0xab46a2]
V  [libjvm.so+0x4db6b7]
V  [libjvm.so+0x8ef7b0]
V  [libjvm.so+0x8e68ce]
V  [libjvm.so+0x96a406]
V  [libjvm.so+0x95905a]
V  [libjvm.so+0x959228]
V  [libjvm.so+0x959e30]
V  [libjvm.so+0x9601dc]
V  [libjvm.so+0x9682d5]
V  [libjvm.so+0x916928]
V  [libjvm.so+0xab6372]
V  [libjvm.so+0xabaea6]
V  [libjvm.so+0xab91e5]
V  [libjvm.so+0xab9abd]
V  [libjvm.so+0xab9e97]
V  [libjvm.so+0x8ecb42]

VM_Operation (0x00007fea2df117c0): ParallelGCFailedAllocation, mode: safepoint, requested by thread 0x00007fea2400b000


---------------  P R O C E S S  ---------------

Java Threads: ( => current thread )
  0x00007fea240ca000 JavaThread "Service Thread" daemon [_thread_blocked, id=20230, stack(0x00007fea14014000,0x00007fea14115000)]
  0x00007fea240be800 JavaThread "C1 CompilerThread2" daemon [_thread_blocked, id=20229, stack(0x00007fea14116000,0x00007fea14216000)]
  0x00007fea240bd000 JavaThread "C2 CompilerThread1" daemon [_thread_blocked, id=20228, stack(0x00007fea14217000,0x00007fea14317000)]
  0x00007fea240ba000 JavaThread "C2 CompilerThread0" daemon [_thread_blocked, id=20227, stack(0x00007fea14318000,0x00007fea14418000)]
  0x00007fea240b8800 JavaThread "Signal Dispatcher" daemon [_thread_blocked, id=20226, stack(0x00007fea14418000,0x00007fea14519000)]
  0x00007fea24085000 JavaThread "Finalizer" daemon [_thread_blocked, id=20225, stack(0x00007fea147f8000,0x00007fea148f9000)]
  0x00007fea24082800 JavaThread "Reference Handler" daemon [_thread_blocked, id=20224, stack(0x00007fea148f9000,0x00007fea149fa000)]
  0x00007fea2400b000 JavaThread "main" [_thread_blocked, id=20218, stack(0x00007fea2de13000,0x00007fea2df13000)]

Other Threads:
=>0x00007fea24079000 VMThread [stack: 0x00007fea149fb000,0x00007fea14afb000] [id=20223]
  0x00007fea240cc800 WatcherThread [stack: 0x00007fea0ff00000,0x00007fea10000000] [id=20231]

VM state:at safepoint (normal execution)

VM Mutex/Monitor currently owned by a thread:  ([mutex/lock_event])
[0x00007fea240073a0] ExpandHeap_lock - owner thread: 0x00007fea24079000
[0x00007fea24007a20] Threads_lock - owner thread: 0x00007fea24079000
[0x00007fea24007f20] Heap_lock - owner thread: 0x00007fea2400b000

heap address: 0x0000000085400000, size: 1964 MB, Compressed Oops mode: 32-bit
Narrow klass base: 0x0000000000000000, Narrow klass shift: 3
Compressed class space size: 1073741824 Address: 0x0000000100000000

Heap:
 PSYoungGen      total 446976K, used 213326K [0x00000000d7180000, 0x0000000100000000, 0x0000000100000000)
  eden space 223744K, 0% used [0x00000000d7180000,0x00000000d7180000,0x00000000e4c00000)
  from space 223232K, 95% used [0x00000000e4c00000,0x00000000f1c539e0,0x00000000f2600000)
  to   space 223232K, 0% used [0x00000000f2600000,0x00000000f2600000,0x0000000100000000)
 ParOldGen       total 704512K, used 704237K [0x0000000085400000, 0x00000000b0400000, 0x00000000d7180000)
  object space 704512K, 99% used [0x0000000085400000,0x00000000b03bb6a8,0x00000000b0400000)
 Metaspace       used 2599K, capacity 4486K, committed 4864K, reserved 1056768K
  class space    used 270K, capacity 386K, committed 512K, reserved 1048576K

Card table byte_map: [0x00007fea29fd8000,0x00007fea2a3af000] byte_map_base: 0x00007fea29bae000

Marking Bits: (ParMarkBitMap*) 0x00007fea2d0ad3c0
 Begin Bits: [0x00007fea012a0000, 0x00007fea03150000)
 End Bits:   [0x00007fea03150000, 0x00007fea05000000)

Polling page: 0x00007fea2df2e000

CodeCache: size=245760Kb used=1380Kb max_used=1392Kb free=244379Kb
 bounds [0x00007fea15000000, 0x00007fea15270000, 0x00007fea24000000]
 total_blobs=358 nmethods=128 adapters=146
 compilation: enabled

Compilation events (10 events):
Event: 1.015 Thread 0x00007fea240bd000  124       4       java.lang.Integer::getChars (131 bytes)
Event: 1.022 Thread 0x00007fea240bd000 nmethod 124 0x00007fea1514ad50 code [0x00007fea1514aec0, 0x00007fea1514b558]
Event: 1.027 Thread 0x00007fea240ba000  125       4       java.lang.AbstractStringBuilder::append (62 bytes)
Event: 1.264 Thread 0x00007fea240bd000  126 %     4       java.lang.Integer::stringSize @ 2 (21 bytes)
Event: 1.269 Thread 0x00007fea240ba000 nmethod 125 0x00007fea15148e90 code [0x00007fea15149020, 0x00007fea15149958]
Event: 1.270 Thread 0x00007fea240bd000 nmethod 126% 0x00007fea1514aa50 code [0x00007fea1514aba0, 0x00007fea1514acb8]
Event: 1.560 Thread 0x00007fea240bd000  127 %     4       LangRunTime::main @ 12 (76 bytes)
Event: 1.577 Thread 0x00007fea240bd000 nmethod 127% 0x00007fea1515b790 code [0x00007fea1515b9c0, 0x00007fea1515c380]
Event: 1.661 Thread 0x00007fea240be800  128       3       java.lang.StringBuilder::append (8 bytes)
Event: 1.662 Thread 0x00007fea240be800 nmethod 128 0x00007fea1514a6d0 code [0x00007fea1514a840, 0x00007fea1514a9c8]

GC Heap History (10 events):
Event: 1.542 GC heap after
Heap after GC invocations=10 (full 4):
 PSYoungGen      total 279040K, used 106848K [0x00000000d7180000, 0x00000000f2680000, 0x0000000100000000)
  eden space 171520K, 0% used [0x00000000d7180000,0x00000000d7180000,0x00000000e1900000)
  from space 107520K, 99% used [0x00000000e9500000,0x00000000efd58368,0x00000000efe00000)
  to   space 126976K, 0% used [0x00000000e1900000,0x00000000e1900000,0x00000000e9500000)
 ParOldGen       total 457216K, used 279552K [0x0000000085400000, 0x00000000a1280000, 0x00000000d7180000)
  object space 457216K, 61% used [0x0000000085400000,0x0000000096500190,0x00000000a1280000)
 Metaspace       used 2599K, capacity 4486K, committed 4864K, reserved 1056768K
  class space    used 270K, capacity 386K, committed 512K, reserved 1048576K
}
Event: 1.838 GC heap before
{Heap before GC invocations=11 (full 4):
 PSYoungGen      total 279040K, used 278368K [0x00000000d7180000, 0x00000000f2680000, 0x0000000100000000)
  eden space 171520K, 100% used [0x00000000d7180000,0x00000000e1900000,0x00000000e1900000)
  from space 107520K, 99% used [0x00000000e9500000,0x00000000efd58368,0x00000000efe00000)
  to   space 126976K, 0% used [0x00000000e1900000,0x00000000e1900000,0x00000000e9500000)
 ParOldGen       total 457216K, used 279552K [0x0000000085400000, 0x00000000a1280000, 0x00000000d7180000)
  object space 457216K, 61% used [0x0000000085400000,0x0000000096500190,0x00000000a1280000)
 Metaspace       used 2599K, capacity 4486K, committed 4864K, reserved 1056768K
  class space    used 270K, capacity 386K, committed 512K, reserved 1048576K
Event: 15.757 GC heap after
Heap after GC invocations=11 (full 4):
 PSYoungGen      total 298496K, used 126961K [0x00000000d7180000, 0x0000000100000000, 0x0000000100000000)
  eden space 171520K, 0% used [0x00000000d7180000,0x00000000d7180000,0x00000000e1900000)
  from space 126976K, 99% used [0x00000000e1900000,0x00000000e94fc518,0x00000000e9500000)
  to   space 221696K, 0% used [0x00000000f2780000,0x00000000f2780000,0x0000000100000000)
 ParOldGen       total 457216K, used 423968K [0x0000000085400000, 0x00000000a1280000, 0x00000000d7180000)
  object space 457216K, 92% used [0x0000000085400000,0x000000009f208190,0x00000000a1280000)
 Metaspace       used 2599K, capacity 4486K, committed 4864K, reserved 1056768K
  class space    used 270K, capacity 386K, committed 512K, reserved 1048576K
}
Event: 17.735 GC heap before
{Heap before GC invocations=12 (full 5):
 PSYoungGen      total 298496K, used 126961K [0x00000000d7180000, 0x0000000100000000, 0x0000000100000000)
  eden space 171520K, 0% used [0x00000000d7180000,0x00000000d7180000,0x00000000e1900000)
  from space 126976K, 99% used [0x00000000e1900000,0x00000000e94fc518,0x00000000e9500000)
  to   space 221696K, 0% used [0x00000000f2780000,0x00000000f2780000,0x0000000100000000)
 ParOldGen       total 457216K, used 423968K [0x0000000085400000, 0x00000000a1280000, 0x00000000d7180000)
  object space 457216K, 92% used [0x0000000085400000,0x000000009f208190,0x00000000a1280000)
 Metaspace       used 2599K, capacity 4486K, committed 4864K, reserved 1056768K
  class space    used 270K, capacity 386K, committed 512K, reserved 1048576K
Event: 30.543 GC heap after
Heap after GC invocations=12 (full 5):
 PSYoungGen      total 298496K, used 88336K [0x00000000d7180000, 0x0000000100000000, 0x0000000100000000)
  eden space 171520K, 0% used [0x00000000d7180000,0x00000000d7180000,0x00000000e1900000)
  from space 126976K, 69% used [0x00000000e1900000,0x00000000e6f44140,0x00000000e9500000)
  to   space 221696K, 0% used [0x00000000f2780000,0x00000000f2780000,0x0000000100000000)
 ParOldGen       total 676864K, used 457015K [0x0000000085400000, 0x00000000ae900000, 0x00000000d7180000)
  object space 676864K, 67% used [0x0000000085400000,0x00000000a124de38,0x00000000ae900000)
 Metaspace       used 2599K, capacity 4486K, committed 4864K, reserved 1056768K
  class space    used 270K, capacity 386K, committed 512K, reserved 1048576K
}
Event: 34.912 GC heap before
{Heap before GC invocations=13 (full 5):
 PSYoungGen      total 298496K, used 259856K [0x00000000d7180000, 0x0000000100000000, 0x0000000100000000)
  eden space 171520K, 100% used [0x00000000d7180000,0x00000000e1900000,0x00000000e1900000)
  from space 126976K, 69% used [0x00000000e1900000,0x00000000e6f44140,0x00000000e9500000)
  to   space 221696K, 0% used [0x00000000f2780000,0x00000000f2780000,0x0000000100000000)
 ParOldGen       total 676864K, used 457015K [0x0000000085400000, 0x00000000ae900000, 0x00000000d7180000)
  object space 676864K, 67% used [0x0000000085400000,0x00000000a124de38,0x00000000ae900000)
 Metaspace       used 2599K, capacity 4486K, committed 4864K, reserved 1056768K
  class space    used 270K, capacity 386K, committed 512K, reserved 1048576K
Event: 42.673 GC heap after
Heap after GC invocations=13 (full 5):
 PSYoungGen      total 445440K, used 221673K [0x00000000d7180000, 0x0000000100000000, 0x0000000100000000)
  eden space 223744K, 0% used [0x00000000d7180000,0x00000000d7180000,0x00000000e4c00000)
  from space 221696K, 99% used [0x00000000f2780000,0x00000000ffffa798,0x0000000100000000)
  to   space 223232K, 0% used [0x00000000e4c00000,0x00000000e4c00000,0x00000000f2600000)
 ParOldGen       total 676864K, used 490391K [0x0000000085400000, 0x00000000ae900000, 0x00000000d7180000)
  object space 676864K, 72% used [0x0000000085400000,0x00000000a32e5e38,0x00000000ae900000)
 Metaspace       used 2599K, capacity 4486K, committed 4864K, reserved 1056768K
  class space    used 270K, capacity 386K, committed 512K, reserved 1048576K
}
Event: 42.953 GC heap before
{Heap before GC invocations=14 (full 5):
 PSYoungGen      total 445440K, used 445417K [0x00000000d7180000, 0x0000000100000000, 0x0000000100000000)
  eden space 223744K, 100% used [0x00000000d7180000,0x00000000e4c00000,0x00000000e4c00000)
  from space 221696K, 99% used [0x00000000f2780000,0x00000000ffffa798,0x0000000100000000)
  to   space 223232K, 0% used [0x00000000e4c00000,0x00000000e4c00000,0x00000000f2600000)
 ParOldGen       total 676864K, used 490391K [0x0000000085400000, 0x00000000ae900000, 0x00000000d7180000)
  object space 676864K, 72% used [0x0000000085400000,0x00000000a32e5e38,0x00000000ae900000)
 Metaspace       used 2599K, capacity 4486K, committed 4864K, reserved 1056768K
  class space    used 270K, capacity 386K, committed 512K, reserved 1048576K
Event: 47.481 GC heap after
Heap after GC invocations=14 (full 5):
 PSYoungGen      total 446976K, used 223209K [0x00000000d7180000, 0x0000000100000000, 0x0000000100000000)
  eden space 223744K, 0% used [0x00000000d7180000,0x00000000d7180000,0x00000000e4c00000)
  from space 223232K, 99% used [0x00000000e4c00000,0x00000000f25fa798,0x00000000f2600000)
  to   space 223232K, 0% used [0x00000000f2600000,0x00000000f2600000,0x0000000100000000)
 ParOldGen       total 704512K, used 704175K [0x0000000085400000, 0x00000000b0400000, 0x00000000d7180000)
  object space 704512K, 99% used [0x0000000085400000,0x00000000b03abe38,0x00000000b0400000)
 Metaspace       used 2599K, capacity 4486K, committed 4864K, reserved 1056768K
  class space    used 270K, capacity 386K, committed 512K, reserved 1048576K
}
Event: 47.481 GC heap before
{Heap before GC invocations=15 (full 6):
 PSYoungGen      total 446976K, used 223209K [0x00000000d7180000, 0x0000000100000000, 0x0000000100000000)
  eden space 223744K, 0% used [0x00000000d7180000,0x00000000d7180000,0x00000000e4c00000)
  from space 223232K, 99% used [0x00000000e4c00000,0x00000000f25fa798,0x00000000f2600000)
  to   space 223232K, 0% used [0x00000000f2600000,0x00000000f2600000,0x0000000100000000)
 ParOldGen       total 704512K, used 704175K [0x0000000085400000, 0x00000000b0400000, 0x00000000d7180000)
  object space 704512K, 99% used [0x0000000085400000,0x00000000b03abe38,0x00000000b0400000)
 Metaspace       used 2599K, capacity 4486K, committed 4864K, reserved 1056768K
  class space    used 270K, capacity 386K, committed 512K, reserved 1048576K

Deoptimization events (3 events):
Event: 0.991 Thread 0x00007fea2400b000 Uncommon trap: reason=unstable_if action=reinterpret pc=0x00007fea15146d44 method=java.lang.Integer.getChars(II[C)V @ 20
Event: 0.991 Thread 0x00007fea2400b000 Uncommon trap: reason=unstable_if action=reinterpret pc=0x00007fea15141c64 method=java.lang.Integer.getChars(II[C)V @ 20
Event: 1.661 Thread 0x00007fea2400b000 Uncommon trap: reason=unstable_if action=reinterpret pc=0x00007fea15146184 method=java.lang.Integer.getChars(II[C)V @ 20

Classes redefined (0 events):
No events

Internal exceptions (5 events):
Event: 0.021 Thread 0x00007fea2400b000 Exception <a 'java/lang/NoSuchMethodError': Method sun.misc.Unsafe.defineClass(Ljava/lang/String;[BII)Ljava/lang/Class; name or signature does not match> (0x00000000d7187cb0) thrown at [/build/openjdk-8-fPix8r/openjdk-8-8u212-b03/src/hotspot/src/share/vm/
Event: 0.021 Thread 0x00007fea2400b000 Exception <a 'java/lang/NoSuchMethodError': Method sun.misc.Unsafe.prefetchRead(Ljava/lang/Object;J)V name or signature does not match> (0x00000000d7187f98) thrown at [/build/openjdk-8-fPix8r/openjdk-8-8u212-b03/src/hotspot/src/share/vm/prims/jni.cpp, lin
Event: 0.058 Thread 0x00007fea2400b000 Exception <a 'java/util/zip/ZipException'> (0x00000000d71d4290) thrown at [/build/openjdk-8-fPix8r/openjdk-8-8u212-b03/src/hotspot/src/share/vm/prims/jni.cpp, line 710]
Event: 0.058 Thread 0x00007fea2400b000 Exception <a 'java/security/PrivilegedActionException'> (0x00000000d71d4530) thrown at [/build/openjdk-8-fPix8r/openjdk-8-8u212-b03/src/hotspot/src/share/vm/prims/jvm.cpp, line 1502]
Event: 0.058 Thread 0x00007fea2400b000 Exception <a 'java/security/PrivilegedActionException'> (0x00000000d71d4740) thrown at [/build/openjdk-8-fPix8r/openjdk-8-8u212-b03/src/hotspot/src/share/vm/prims/jvm.cpp, line 1502]

Events (10 events):
Event: 1.661 Thread 0x00007fea2400b000 DEOPT PACKING pc=0x00007fea15150b3e sp=0x00007fea2df118a0
Event: 1.661 Thread 0x00007fea2400b000 DEOPT UNPACKING pc=0x00007fea150474c4 sp=0x00007fea2df116a8 mode 0
Event: 1.661 Thread 0x00007fea2400b000 Uncommon trap: trap_request=0xffffff65 fr.pc=0x00007fea15146184
Event: 1.661 Thread 0x00007fea2400b000 DEOPT PACKING pc=0x00007fea15146184 sp=0x00007fea2df118d0
Event: 1.661 Thread 0x00007fea2400b000 DEOPT UNPACKING pc=0x00007fea1504547a sp=0x00007fea2df117b8 mode 2
Event: 1.838 Executing VM operation: ParallelGCFailedAllocation
Event: 30.840 Executing VM operation: ParallelGCFailedAllocation done
Event: 34.912 Executing VM operation: ParallelGCFailedAllocation
Event: 42.673 Executing VM operation: ParallelGCFailedAllocation done
Event: 42.953 Executing VM operation: ParallelGCFailedAllocation


Dynamic libraries:
85400000-b0400000 rw-p 00000000 00:00 0 
c1400000-d7180000 ---p 00000000 00:00 0 
d7180000-100000000 rw-p 00000000 00:00 0 
100000000-100080000 rw-p 00000000 00:00 0 
100080000-140000000 ---p 00000000 00:00 0 
5593cc567000-5593cc568000 r-xp 00000000 08:01 8000408                    /usr/lib/jvm/java-8-openjdk-amd64/jre/bin/java
5593cc767000-5593cc768000 r--p 00000000 08:01 8000408                    /usr/lib/jvm/java-8-openjdk-amd64/jre/bin/java
5593cc768000-5593cc769000 rw-p 00001000 08:01 8000408                    /usr/lib/jvm/java-8-openjdk-amd64/jre/bin/java
5593cd6c3000-5593cd6e4000 rw-p 00000000 00:00 0                          [heap]
7fe9d4000000-7fe9d4021000 rw-p 00000000 00:00 0 
7fe9d4021000-7fe9d8000000 ---p 00000000 00:00 0 
7fe9d8000000-7fe9d8021000 rw-p 00000000 00:00 0 
7fe9d8021000-7fe9dc000000 ---p 00000000 00:00 0 
7fe9dc000000-7fe9dc224000 rw-p 00000000 00:00 0 
7fe9dc224000-7fe9e0000000 ---p 00000000 00:00 0 
7fe9e0000000-7fe9e00c8000 rw-p 00000000 00:00 0 
7fe9e00c8000-7fe9e4000000 ---p 00000000 00:00 0 
7fe9e4000000-7fe9e4021000 rw-p 00000000 00:00 0 
7fe9e4021000-7fe9e8000000 ---p 00000000 00:00 0 
7fe9e8000000-7fe9e81a4000 rw-p 00000000 00:00 0 
7fe9e81a4000-7fe9ec000000 ---p 00000000 00:00 0 
7fe9ec000000-7fe9ec021000 rw-p 00000000 00:00 0 
7fe9ec021000-7fe9f0000000 ---p 00000000 00:00 0 
7fe9f0000000-7fe9f0021000 rw-p 00000000 00:00 0 
7fe9f0021000-7fe9f4000000 ---p 00000000 00:00 0 
7fe9f4000000-7fe9f4021000 rw-p 00000000 00:00 0 
7fe9f4021000-7fe9f8000000 ---p 00000000 00:00 0 
7fe9f8000000-7fe9f8021000 rw-p 00000000 00:00 0 
7fe9f8021000-7fe9fc000000 ---p 00000000 00:00 0 
7fe9fc000000-7fe9fc021000 rw-p 00000000 00:00 0 
7fe9fc021000-7fea00000000 ---p 00000000 00:00 0 
7fea012a0000-7fea05000000 rw-p 00000000 00:00 0 
7fea08000000-7fea08021000 rw-p 00000000 00:00 0 
7fea08021000-7fea0c000000 ---p 00000000 00:00 0 
7fea0feff000-7fea0ff00000 ---p 00000000 00:00 0 
7fea0ff00000-7fea10000000 rw-p 00000000 00:00 0 
7fea10000000-7fea10021000 rw-p 00000000 00:00 0 
7fea10021000-7fea14000000 ---p 00000000 00:00 0 
7fea14014000-7fea14017000 ---p 00000000 00:00 0 
7fea14017000-7fea14115000 rw-p 00000000 00:00 0 
7fea14115000-7fea14116000 ---p 00000000 00:00 0 
7fea14116000-7fea14119000 ---p 00000000 00:00 0 
7fea14119000-7fea14216000 rw-p 00000000 00:00 0 
7fea14216000-7fea14217000 ---p 00000000 00:00 0 
7fea14217000-7fea1421a000 ---p 00000000 00:00 0 
7fea1421a000-7fea14317000 rw-p 00000000 00:00 0 
7fea14317000-7fea14318000 ---p 00000000 00:00 0 
7fea14318000-7fea1431b000 ---p 00000000 00:00 0 
7fea1431b000-7fea14418000 rw-p 00000000 00:00 0 
7fea14418000-7fea1441b000 ---p 00000000 00:00 0 
7fea1441b000-7fea14519000 rw-p 00000000 00:00 0 
7fea14519000-7fea147f8000 r--p 00000000 08:01 3277017                    /usr/lib/locale/locale-archive
7fea147f8000-7fea147fb000 ---p 00000000 00:00 0 
7fea147fb000-7fea148f9000 rw-p 00000000 00:00 0 
7fea148f9000-7fea148fc000 ---p 00000000 00:00 0 
7fea148fc000-7fea149fa000 rw-p 00000000 00:00 0 
7fea149fa000-7fea149fb000 ---p 00000000 00:00 0 
7fea149fb000-7fea15000000 rw-p 00000000 00:00 0 
7fea15000000-7fea15270000 rwxp 00000000 00:00 0 
7fea15270000-7fea24000000 ---p 00000000 00:00 0 
7fea24000000-7fea2414f000 rw-p 00000000 00:00 0 
7fea2414f000-7fea28000000 ---p 00000000 00:00 0 
7fea28018000-7fea28033000 r--s 00394000 08:01 8000468                    /usr/lib/jvm/java-8-openjdk-amd64/jre/lib/ext/cldrdata.jar
7fea28033000-7fea2804e000 r--s 001d6000 08:01 8000473                    /usr/lib/jvm/java-8-openjdk-amd64/jre/lib/ext/nashorn.jar
7fea2804e000-7fea28b2a000 rw-p 00000000 00:00 0 
7fea28b2a000-7fea28cf9000 r--s 03c3b000 08:01 8000488                    /usr/lib/jvm/java-8-openjdk-amd64/jre/lib/rt.jar
7fea28cf9000-7fea291af000 rw-p 00000000 00:00 0 
7fea291af000-7fea2956f000 ---p 00000000 00:00 0 
7fea2956f000-7fea29945000 rw-p 00000000 00:00 0 
7fea29945000-7fea29946000 ---p 00000000 00:00 0 
7fea29946000-7fea29a46000 rw-p 00000000 00:00 0 
7fea29a46000-7fea29a47000 ---p 00000000 00:00 0 
7fea29a47000-7fea29b47000 rw-p 00000000 00:00 0 
7fea29b47000-7fea29b48000 ---p 00000000 00:00 0 
7fea29b48000-7fea29c48000 rw-p 00000000 00:00 0 
7fea29c48000-7fea29c49000 ---p 00000000 00:00 0 
7fea29c49000-7fea29ea1000 rw-p 00000000 00:00 0 
7fea29ea1000-7fea29fd8000 ---p 00000000 00:00 0 
7fea29fd8000-7fea2a130000 rw-p 00000000 00:00 0 
7fea2a130000-7fea2a266000 ---p 00000000 00:00 0 
7fea2a266000-7fea2a3ae000 rw-p 00000000 00:00 0 
7fea2a3ae000-7fea2a3b9000 rw-p 00000000 00:00 0 
7fea2a3b9000-7fea2a76f000 ---p 00000000 00:00 0 
7fea2a76f000-7fea2a777000 r-xp 00000000 08:01 8000454                    /usr/lib/jvm/java-8-openjdk-amd64/jre/lib/amd64/libzip.so
7fea2a777000-7fea2a976000 ---p 00008000 08:01 8000454                    /usr/lib/jvm/java-8-openjdk-amd64/jre/lib/amd64/libzip.so
7fea2a976000-7fea2a977000 r--p 00007000 08:01 8000454                    /usr/lib/jvm/java-8-openjdk-amd64/jre/lib/amd64/libzip.so
7fea2a977000-7fea2a978000 rw-p 00008000 08:01 8000454                    /usr/lib/jvm/java-8-openjdk-amd64/jre/lib/amd64/libzip.so
7fea2a978000-7fea2a983000 r-xp 00000000 08:01 12583887                   /lib/x86_64-linux-gnu/libnss_files-2.27.so
7fea2a983000-7fea2ab82000 ---p 0000b000 08:01 12583887                   /lib/x86_64-linux-gnu/libnss_files-2.27.so
7fea2ab82000-7fea2ab83000 r--p 0000a000 08:01 12583887                   /lib/x86_64-linux-gnu/libnss_files-2.27.so
7fea2ab83000-7fea2ab84000 rw-p 0000b000 08:01 12583887                   /lib/x86_64-linux-gnu/libnss_files-2.27.so
7fea2ab84000-7fea2ab8a000 rw-p 00000000 00:00 0 
7fea2ab8a000-7fea2aba1000 r-xp 00000000 08:01 12583884                   /lib/x86_64-linux-gnu/libnsl-2.27.so
7fea2aba1000-7fea2ada0000 ---p 00017000 08:01 12583884                   /lib/x86_64-linux-gnu/libnsl-2.27.so
7fea2ada0000-7fea2ada1000 r--p 00016000 08:01 12583884                   /lib/x86_64-linux-gnu/libnsl-2.27.so
7fea2ada1000-7fea2ada2000 rw-p 00017000 08:01 12583884                   /lib/x86_64-linux-gnu/libnsl-2.27.so
7fea2ada2000-7fea2ada4000 rw-p 00000000 00:00 0 
7fea2ada4000-7fea2adaf000 r-xp 00000000 08:01 12583889                   /lib/x86_64-linux-gnu/libnss_nis-2.27.so
7fea2adaf000-7fea2afae000 ---p 0000b000 08:01 12583889                   /lib/x86_64-linux-gnu/libnss_nis-2.27.so
7fea2afae000-7fea2afaf000 r--p 0000a000 08:01 12583889                   /lib/x86_64-linux-gnu/libnss_nis-2.27.so
7fea2afaf000-7fea2afb0000 rw-p 0000b000 08:01 12583889                   /lib/x86_64-linux-gnu/libnss_nis-2.27.so
7fea2afb0000-7fea2afb8000 r-xp 00000000 08:01 12583885                   /lib/x86_64-linux-gnu/libnss_compat-2.27.so
7fea2afb8000-7fea2b1b8000 ---p 00008000 08:01 12583885                   /lib/x86_64-linux-gnu/libnss_compat-2.27.so
7fea2b1b8000-7fea2b1b9000 r--p 00008000 08:01 12583885                   /lib/x86_64-linux-gnu/libnss_compat-2.27.so
7fea2b1b9000-7fea2b1ba000 rw-p 00009000 08:01 12583885                   /lib/x86_64-linux-gnu/libnss_compat-2.27.so
7fea2b1ba000-7fea2b1e6000 r-xp 00000000 08:01 8000435                    /usr/lib/jvm/java-8-openjdk-amd64/jre/lib/amd64/libjava.so
7fea2b1e6000-7fea2b3e5000 ---p 0002c000 08:01 8000435                    /usr/lib/jvm/java-8-openjdk-amd64/jre/lib/amd64/libjava.so
7fea2b3e5000-7fea2b3e6000 r--p 0002b000 08:01 8000435                    /usr/lib/jvm/java-8-openjdk-amd64/jre/lib/amd64/libjava.so
7fea2b3e6000-7fea2b3e8000 rw-p 0002c000 08:01 8000435                    /usr/lib/jvm/java-8-openjdk-amd64/jre/lib/amd64/libjava.so
7fea2b3e8000-7fea2b3f8000 r-xp 00000000 08:01 8000453                    /usr/lib/jvm/java-8-openjdk-amd64/jre/lib/amd64/libverify.so
7fea2b3f8000-7fea2b5f7000 ---p 00010000 08:01 8000453                    /usr/lib/jvm/java-8-openjdk-amd64/jre/lib/amd64/libverify.so
7fea2b5f7000-7fea2b5f9000 r--p 0000f000 08:01 8000453                    /usr/lib/jvm/java-8-openjdk-amd64/jre/lib/amd64/libverify.so
7fea2b5f9000-7fea2b5fa000 rw-p 00011000 08:01 8000453                    /usr/lib/jvm/java-8-openjdk-amd64/jre/lib/amd64/libverify.so
7fea2b5fa000-7fea2b601000 r-xp 00000000 08:01 12583894                   /lib/x86_64-linux-gnu/librt-2.27.so
7fea2b601000-7fea2b800000 ---p 00007000 08:01 12583894                   /lib/x86_64-linux-gnu/librt-2.27.so
7fea2b800000-7fea2b801000 r--p 00006000 08:01 12583894                   /lib/x86_64-linux-gnu/librt-2.27.so
7fea2b801000-7fea2b802000 rw-p 00007000 08:01 12583894                   /lib/x86_64-linux-gnu/librt-2.27.so
7fea2b802000-7fea2b819000 r-xp 00000000 08:01 12583920                   /lib/x86_64-linux-gnu/libgcc_s.so.1
7fea2b819000-7fea2ba18000 ---p 00017000 08:01 12583920                   /lib/x86_64-linux-gnu/libgcc_s.so.1
7fea2ba18000-7fea2ba19000 r--p 00016000 08:01 12583920                   /lib/x86_64-linux-gnu/libgcc_s.so.1
7fea2ba19000-7fea2ba1a000 rw-p 00017000 08:01 12583920                   /lib/x86_64-linux-gnu/libgcc_s.so.1
7fea2ba1a000-7fea2bbb7000 r-xp 00000000 08:01 12583881                   /lib/x86_64-linux-gnu/libm-2.27.so
7fea2bbb7000-7fea2bdb6000 ---p 0019d000 08:01 12583881                   /lib/x86_64-linux-gnu/libm-2.27.so
7fea2bdb6000-7fea2bdb7000 r--p 0019c000 08:01 12583881                   /lib/x86_64-linux-gnu/libm-2.27.so
7fea2bdb7000-7fea2bdb8000 rw-p 0019d000 08:01 12583881                   /lib/x86_64-linux-gnu/libm-2.27.so
7fea2bdb8000-7fea2bf31000 r-xp 00000000 08:01 3283186                    /usr/lib/x86_64-linux-gnu/libstdc++.so.6.0.25
7fea2bf31000-7fea2c131000 ---p 00179000 08:01 3283186                    /usr/lib/x86_64-linux-gnu/libstdc++.so.6.0.25
7fea2c131000-7fea2c13b000 r--p 00179000 08:01 3283186                    /usr/lib/x86_64-linux-gnu/libstdc++.so.6.0.25
7fea2c13b000-7fea2c13d000 rw-p 00183000 08:01 3283186                    /usr/lib/x86_64-linux-gnu/libstdc++.so.6.0.25
7fea2c13d000-7fea2c141000 rw-p 00000000 00:00 0 
7fea2c141000-7fea2cdde000 r-xp 00000000 08:01 8000457                    /usr/lib/jvm/java-8-openjdk-amd64/jre/lib/amd64/server/libjvm.so
7fea2cdde000-7fea2cfdd000 ---p 00c9d000 08:01 8000457                    /usr/lib/jvm/java-8-openjdk-amd64/jre/lib/amd64/server/libjvm.so
7fea2cfdd000-7fea2d071000 r--p 00c9c000 08:01 8000457                    /usr/lib/jvm/java-8-openjdk-amd64/jre/lib/amd64/server/libjvm.so
7fea2d071000-7fea2d09a000 rw-p 00d30000 08:01 8000457                    /usr/lib/jvm/java-8-openjdk-amd64/jre/lib/amd64/server/libjvm.so
7fea2d09a000-7fea2d0ca000 rw-p 00000000 00:00 0 
7fea2d0ca000-7fea2d0e4000 r-xp 00000000 08:01 12583892                   /lib/x86_64-linux-gnu/libpthread-2.27.so
7fea2d0e4000-7fea2d2e3000 ---p 0001a000 08:01 12583892                   /lib/x86_64-linux-gnu/libpthread-2.27.so
7fea2d2e3000-7fea2d2e4000 r--p 00019000 08:01 12583892                   /lib/x86_64-linux-gnu/libpthread-2.27.so
7fea2d2e4000-7fea2d2e5000 rw-p 0001a000 08:01 12583892                   /lib/x86_64-linux-gnu/libpthread-2.27.so
7fea2d2e5000-7fea2d2e9000 rw-p 00000000 00:00 0 
7fea2d2e9000-7fea2d2ec000 r-xp 00000000 08:01 12583880                   /lib/x86_64-linux-gnu/libdl-2.27.so
7fea2d2ec000-7fea2d4eb000 ---p 00003000 08:01 12583880                   /lib/x86_64-linux-gnu/libdl-2.27.so
7fea2d4eb000-7fea2d4ec000 r--p 00002000 08:01 12583880                   /lib/x86_64-linux-gnu/libdl-2.27.so
7fea2d4ec000-7fea2d4ed000 rw-p 00003000 08:01 12583880                   /lib/x86_64-linux-gnu/libdl-2.27.so
7fea2d4ed000-7fea2d509000 r-xp 00000000 08:01 12583904                   /lib/x86_64-linux-gnu/libz.so.1.2.11
7fea2d509000-7fea2d708000 ---p 0001c000 08:01 12583904                   /lib/x86_64-linux-gnu/libz.so.1.2.11
7fea2d708000-7fea2d709000 r--p 0001b000 08:01 12583904                   /lib/x86_64-linux-gnu/libz.so.1.2.11
7fea2d709000-7fea2d70a000 rw-p 0001c000 08:01 12583904                   /lib/x86_64-linux-gnu/libz.so.1.2.11
7fea2d70a000-7fea2d8f1000 r-xp 00000000 08:01 12583877                   /lib/x86_64-linux-gnu/libc-2.27.so
7fea2d8f1000-7fea2daf1000 ---p 001e7000 08:01 12583877                   /lib/x86_64-linux-gnu/libc-2.27.so
7fea2daf1000-7fea2daf5000 r--p 001e7000 08:01 12583877                   /lib/x86_64-linux-gnu/libc-2.27.so
7fea2daf5000-7fea2daf7000 rw-p 001eb000 08:01 12583877                   /lib/x86_64-linux-gnu/libc-2.27.so
7fea2daf7000-7fea2dafb000 rw-p 00000000 00:00 0 
7fea2dafb000-7fea2db09000 r-xp 00000000 08:01 8000421                    /usr/lib/jvm/java-8-openjdk-amd64/jre/lib/amd64/jli/libjli.so
7fea2db09000-7fea2dd08000 ---p 0000e000 08:01 8000421                    /usr/lib/jvm/java-8-openjdk-amd64/jre/lib/amd64/jli/libjli.so
7fea2dd08000-7fea2dd09000 r--p 0000d000 08:01 8000421                    /usr/lib/jvm/java-8-openjdk-amd64/jre/lib/amd64/jli/libjli.so
7fea2dd09000-7fea2dd0a000 rw-p 0000e000 08:01 8000421                    /usr/lib/jvm/java-8-openjdk-amd64/jre/lib/amd64/jli/libjli.so
7fea2dd0a000-7fea2dd31000 r-xp 00000000 08:01 12583872                   /lib/x86_64-linux-gnu/ld-2.27.so
7fea2dd3a000-7fea2dd3d000 r--s 00039000 08:01 8000476                    /usr/lib/jvm/java-8-openjdk-amd64/jre/lib/ext/sunpkcs11.jar
7fea2dd3d000-7fea2dd47000 r--s 00116000 08:01 8000472                    /usr/lib/jvm/java-8-openjdk-amd64/jre/lib/ext/localedata.jar
7fea2dd47000-7fea2de12000 rw-p 00000000 00:00 0 
7fea2de12000-7fea2de13000 ---p 00000000 00:00 0 
7fea2de13000-7fea2de16000 ---p 00000000 00:00 0 
7fea2de16000-7fea2df15000 rw-p 00000000 00:00 0 
7fea2df15000-7fea2df17000 r--s 00008000 08:01 8000474                    /usr/lib/jvm/java-8-openjdk-amd64/jre/lib/ext/sunec.jar
7fea2df17000-7fea2df19000 r--s 00007000 08:01 3811468                    /usr/share/java/java-atk-wrapper.jar
7fea2df19000-7fea2df1a000 r--s 0000a000 08:01 8000471                    /usr/lib/jvm/java-8-openjdk-amd64/jre/lib/ext/jaccess.jar
7fea2df1a000-7fea2df1d000 r--s 0000f000 08:01 8000470                    /usr/lib/jvm/java-8-openjdk-amd64/jre/lib/ext/icedtea-sound.jar
7fea2df1d000-7fea2df22000 r--s 0003c000 08:01 8000475                    /usr/lib/jvm/java-8-openjdk-amd64/jre/lib/ext/sunjce_provider.jar
7fea2df22000-7fea2df24000 r--s 00001000 08:01 8000469                    /usr/lib/jvm/java-8-openjdk-amd64/jre/lib/ext/dnsns.jar
7fea2df24000-7fea2df25000 r--s 00010000 08:01 8000477                    /usr/lib/jvm/java-8-openjdk-amd64/jre/lib/ext/zipfs.jar
7fea2df25000-7fea2df2d000 rw-s 00000000 08:01 23069546                   /tmp/hsperfdata_student/20217
7fea2df2d000-7fea2df2e000 rw-p 00000000 00:00 0 
7fea2df2e000-7fea2df2f000 ---p 00000000 00:00 0 
7fea2df2f000-7fea2df31000 rw-p 00000000 00:00 0 
7fea2df31000-7fea2df32000 r--p 00027000 08:01 12583872                   /lib/x86_64-linux-gnu/ld-2.27.so
7fea2df32000-7fea2df33000 rw-p 00028000 08:01 12583872                   /lib/x86_64-linux-gnu/ld-2.27.so
7fea2df33000-7fea2df34000 rw-p 00000000 00:00 0 
7ffc79ea0000-7ffc79ec1000 rw-p 00000000 00:00 0                          [stack]
7ffc79f3f000-7ffc79f42000 r--p 00000000 00:00 0                          [vvar]
7ffc79f42000-7ffc79f44000 r-xp 00000000 00:00 0                          [vdso]
ffffffffff600000-ffffffffff601000 r-xp 00000000 00:00 0                  [vsyscall]

VM Arguments:
java_command: LangRunTime
java_class_path (initial): .
Launcher Type: SUN_STANDARD

Environment Variables:
PATH=/home/student/bin:/home/student/.local/bin:/usr/local/sbin:/usr/local/bin:/usr/sbin:/usr/bin:/sbin:/bin:/usr/games:/usr/local/games:/snap/bin
USERNAME=student
SHELL=/bin/bash
DISPLAY=:0

Signal Handlers:
SIGSEGV: [libjvm.so+0xab5000], sa_mask[0]=11111111011111111101111111111110, sa_flags=SA_RESTART|SA_SIGINFO
SIGBUS: [libjvm.so+0xab5000], sa_mask[0]=11111111011111111101111111111110, sa_flags=SA_RESTART|SA_SIGINFO
SIGFPE: [libjvm.so+0x8ea970], sa_mask[0]=11111111011111111101111111111110, sa_flags=SA_RESTART|SA_SIGINFO
SIGPIPE: [libjvm.so+0x8ea970], sa_mask[0]=11111111011111111101111111111110, sa_flags=SA_RESTART|SA_SIGINFO
SIGXFSZ: [libjvm.so+0x8ea970], sa_mask[0]=11111111011111111101111111111110, sa_flags=SA_RESTART|SA_SIGINFO
SIGILL: [libjvm.so+0x8ea970], sa_mask[0]=11111111011111111101111111111110, sa_flags=SA_RESTART|SA_SIGINFO
SIGUSR1: SIG_DFL, sa_mask[0]=00000000000000000000000000000000, sa_flags=none
SIGUSR2: [libjvm.so+0x8ea820], sa_mask[0]=00000000000000000000000000000000, sa_flags=SA_RESTART|SA_SIGINFO
SIGHUP: [libjvm.so+0x8eae90], sa_mask[0]=11111111011111111101111111111110, sa_flags=SA_RESTART|SA_SIGINFO
SIGINT: [libjvm.so+0x8eae90], sa_mask[0]=11111111011111111101111111111110, sa_flags=SA_RESTART|SA_SIGINFO
SIGTERM: [libjvm.so+0x8eae90], sa_mask[0]=11111111011111111101111111111110, sa_flags=SA_RESTART|SA_SIGINFO
SIGQUIT: [libjvm.so+0x8eae90], sa_mask[0]=11111111011111111101111111111110, sa_flags=SA_RESTART|SA_SIGINFO


---------------  S Y S T E M  ---------------

OS:DISTRIB_ID=Ubuntu
DISTRIB_RELEASE=18.04
DISTRIB_CODENAME=bionic
DISTRIB_DESCRIPTION="Ubuntu 18.04.2 LTS"

uname:Linux 4.15.0-55-generic #60-Ubuntu SMP Tue Jul 2 18:22:20 UTC 2019 x86_64
libc:glibc 2.27 NPTL 2.27 
rlimit: STACK 8192k, CORE 0k, NPROC 31233, NOFILE 4096, AS infinity
load average:19.94 7.05 2.89

/proc/meminfo:
MemTotal:        8039900 kB
MemFree:          127648 kB
MemAvailable:      45632 kB
Buffers:            1636 kB
Cached:           799184 kB
SwapCached:         3436 kB
Active:          6622340 kB
Inactive:         856764 kB
Active(anon):    6601420 kB
Inactive(anon):   828432 kB
Active(file):      20920 kB
Inactive(file):    28332 kB
Unevictable:          64 kB
Mlocked:              64 kB
SwapTotal:        998396 kB
SwapFree:           3416 kB
Dirty:               244 kB
Writeback:          3016 kB
AnonPages:       6675644 kB
Mapped:           727980 kB
Shmem:            750940 kB
Slab:             150124 kB
SReclaimable:      56312 kB
SUnreclaim:        93812 kB
KernelStack:       24336 kB
PageTables:       151176 kB
NFS_Unstable:          0 kB
Bounce:                0 kB
WritebackTmp:          0 kB
CommitLimit:     5018344 kB
Committed_AS:   23901008 kB
VmallocTotal:   34359738367 kB
VmallocUsed:           0 kB
VmallocChunk:          0 kB
HardwareCorrupted:     0 kB
AnonHugePages:         0 kB
ShmemHugePages:        0 kB
ShmemPmdMapped:        0 kB
CmaTotal:              0 kB
CmaFree:               0 kB
HugePages_Total:       0
HugePages_Free:        0
HugePages_Rsvd:        0
HugePages_Surp:        0
Hugepagesize:       2048 kB
DirectMap4k:      451004 kB
DirectMap2M:     7809024 kB

container (cgroup) information:
container_type: cgroupv1
cpu_cpuset_cpus: 0-3
cpu_memory_nodes: 0
active_processor_count: 4
cpu_quota: -1
cpu_period: 100000
cpu_shares: -1
memory_limit_in_bytes: -1
memory_and_swap_limit_in_bytes: -2
memory_soft_limit_in_bytes: -1
memory_usage_in_bytes: 7656599552
memory_max_usage_in_bytes: 2093056


CPU:total 4 (initial active 4) (4 cores per cpu, 1 threads per core) family 6 model 58 stepping 9, cmov, cx8, fxsr, mmx, sse, sse2, sse3, ssse3, sse4.1, sse4.2, popcnt, avx, aes, clmul, erms, tsc, tscinvbit, tscinv

/proc/cpuinfo:
processor	: 0
vendor_id	: GenuineIntel
cpu family	: 6
model		: 58
model name	: Intel(R) Core(TM) i5-3470 CPU @ 3.20GHz
stepping	: 9
microcode	: 0x21
cpu MHz		: 3473.929
cache size	: 6144 KB
physical id	: 0
siblings	: 4
core id		: 0
cpu cores	: 4
apicid		: 0
initial apicid	: 0
fpu		: yes
fpu_exception	: yes
cpuid level	: 13
wp		: yes
flags		: fpu vme de pse tsc msr pae mce cx8 apic sep mtrr pge mca cmov pat pse36 clflush dts acpi mmx fxsr sse sse2 ss ht tm pbe syscall nx rdtscp lm constant_tsc arch_perfmon pebs bts rep_good nopl xtopology nonstop_tsc cpuid aperfmperf pni pclmulqdq dtes64 monitor ds_cpl vmx smx est tm2 ssse3 cx16 xtpr pdcm pcid sse4_1 sse4_2 x2apic popcnt tsc_deadline_timer aes xsave avx f16c rdrand lahf_lm cpuid_fault epb pti ssbd ibrs ibpb stibp tpr_shadow vnmi flexpriority ept vpid fsgsbase smep erms xsaveopt dtherm ida arat pln pts md_clear flush_l1d
bugs		: cpu_meltdown spectre_v1 spectre_v2 spec_store_bypass l1tf mds
bogomips	: 6385.86
clflush size	: 64
cache_alignment	: 64
address sizes	: 36 bits physical, 48 bits virtual
power management:

processor	: 1
vendor_id	: GenuineIntel
cpu family	: 6
model		: 58
model name	: Intel(R) Core(TM) i5-3470 CPU @ 3.20GHz
stepping	: 9
microcode	: 0x21
cpu MHz		: 2021.639
cache size	: 6144 KB
physical id	: 0
siblings	: 4
core id		: 1
cpu cores	: 4
apicid		: 2
initial apicid	: 2
fpu		: yes
fpu_exception	: yes
cpuid level	: 13
wp		: yes
flags		: fpu vme de pse tsc msr pae mce cx8 apic sep mtrr pge mca cmov pat pse36 clflush dts acpi mmx fxsr sse sse2 ss ht tm pbe syscall nx rdtscp lm constant_tsc arch_perfmon pebs bts rep_good nopl xtopology nonstop_tsc cpuid aperfmperf pni pclmulqdq dtes64 monitor ds_cpl vmx smx est tm2 ssse3 cx16 xtpr pdcm pcid sse4_1 sse4_2 x2apic popcnt tsc_deadline_timer aes xsave avx f16c rdrand lahf_lm cpuid_fault epb pti ssbd ibrs ibpb stibp tpr_shadow vnmi flexpriority ept vpid fsgsbase smep erms xsaveopt dtherm ida arat pln pts md_clear flush_l1d
bugs		: cpu_meltdown spectre_v1 spectre_v2 spec_store_bypass l1tf mds
bogomips	: 6385.86
clflush size	: 64
cache_alignment	: 64
address sizes	: 36 bits physical, 48 bits virtual
power management:

processor	: 2
vendor_id	: GenuineIntel
cpu family	: 6
model		: 58
model name	: Intel(R) Core(TM) i5-3470 CPU @ 3.20GHz
stepping	: 9
microcode	: 0x21
cpu MHz		: 2539.950
cache size	: 6144 KB
physical id	: 0
siblings	: 4
core id		: 2
cpu cores	: 4
apicid		: 4
initial apicid	: 4
fpu		: yes
fpu_exception	: yes
cpuid level	: 13
wp		: yes
flags		: fpu vme de pse tsc msr pae mce cx8 apic sep mtrr pge mca cmov pat pse36 clflush dts acpi mmx fxsr sse sse2 ss ht tm pbe syscall nx rdtscp lm constant_tsc arch_perfmon pebs bts rep_good nopl xtopology nonstop_tsc cpuid aperfmperf pni pclmulqdq dtes64 monitor ds_cpl vmx smx est tm2 ssse3 cx16 xtpr pdcm pcid sse4_1 sse4_2 x2apic popcnt tsc_deadline_timer aes xsave avx f16c rdrand lahf_lm cpuid_fault epb pti ssbd ibrs ibpb stibp tpr_shadow vnmi flexpriority ept vpid fsgsbase smep erms xsaveopt dtherm ida arat pln pts md_clear flush_l1d
bugs		: cpu_meltdown spectre_v1 spectre_v2 spec_store_bypass l1tf mds
bogomips	: 6385.86
clflush size	: 64
cache_alignment	: 64
address sizes	: 36 bits physical, 48 bits virtual
power management:

processor	: 3
vendor_id	: GenuineIntel
cpu family	: 6
model		: 58
model name	: Intel(R) Core(TM) i5-3470 CPU @ 3.20GHz
stepping	: 9
microcode	: 0x21
cpu MHz		: 2821.857
cache size	: 6144 KB
physical id	: 0
siblings	: 4
core id		: 3
cpu cores	: 4
apicid		: 6
initial apicid	: 6
fpu		: yes
fpu_exception	: yes
cpuid level	: 13
wp		: yes
flags		: fpu vme de pse tsc msr pae mce cx8 apic sep mtrr pge mca cmov pat pse36 clflush dts acpi mmx fxsr sse sse2 ss ht tm pbe syscall nx rdtscp lm constant_tsc arch_perfmon pebs bts rep_good nopl xtopology nonstop_tsc cpuid aperfmperf pni pclmulqdq dtes64 monitor ds_cpl vmx smx est tm2 ssse3 cx16 xtpr pdcm pcid sse4_1 sse4_2 x2apic popcnt tsc_deadline_timer aes xsave avx f16c rdrand lahf_lm cpuid_fault epb pti ssbd ibrs ibpb stibp tpr_shadow vnmi flexpriority ept vpid fsgsbase smep erms xsaveopt dtherm ida arat pln pts md_clear flush_l1d
bugs		: cpu_meltdown spectre_v1 spectre_v2 spec_store_bypass l1tf mds
bogomips	: 6385.86
clflush size	: 64
cache_alignment	: 64
address sizes	: 36 bits physical, 48 bits virtual
power management:



Memory: 4k page, physical 8039900k(128076k free), swap 998396k(3416k free)

vm_info: OpenJDK 64-Bit Server VM (25.212-b03) for linux-amd64 JRE (1.8.0_212-8u212-b03-0ubuntu1.18.04.1-b03), built on Apr 26 2019 01:04:36 by "buildd" with gcc 7.3.0

time: Tue Jul 30 18:23:30 2019
timezone: IDT
elapsed time: 82 seconds (0d 0h 1m 22s)

